<?xml version="1.0" encoding="UTF-8"?>
<!-- Generated by org.testng.reporters.JUnitXMLReporter -->
<testsuite ignored="0" hostname="Jhansi29" failures="1" tests="2" name="ChromeDriverInvoke" time="39.715" errors="0" timestamp="2025-03-03T22:32:54 IST">
  <testcase classname="com.test.qa.Invokebrowserandreport" name="InvokeBrowser" time="15.261">
    <failure type="java.lang.AssertionError" message="expected [false] but found [true]">
      <![CDATA[java.lang.AssertionError: expected [false] but found [true]
at com.test.qa.Invokebrowserandreport.InvokeBrowser(Invokebrowserandreport.java:26)
at java.base/java.util.ArrayList.forEach(ArrayList.java:1596)
... Removed 31 stack frames]]>
    </failure>
  </testcase> <!-- InvokeBrowser -->
  <testcase classname="com.test.qa.selenium_VWO_APP_Locators" name="Test_VWO_APP_locators" time="24.243"/>
</testsuite> <!-- ChromeDriverInvoke -->
